11:10:12.309 [JavaFX Application Thread] DEBUG GameApplication      - Logger initialized
11:10:12.317 [JavaFX Application Thread] DEBUG GameApplication      - Logging settings
Title: DungeonMaster
Version: 0.0
Width: 2560
Height: 1440
Fullscreen: false
Intro: false
Menus: false
Profiling: false
Single step:false
App Mode: DEVELOPER
Menu Key: ESCAPE
Stage Style: DECORATED
Scene Factory: class com.almasb.fxgl.scene.SceneFactory
Dialog Factory: class com.almasb.fxgl.ui.FXGLDialogFactory
UI Factory: class com.almasb.fxgl.ui.FXGLUIFactory
Notification Service: class com.almasb.fxgl.gameplay.notification.XboxNotificationView
Exception Handler: class com.almasb.fxgl.app.FXGLExceptionHandler
11:10:12.317 [JavaFX Application Thread] DEBUG GameApplication      - Starting FXGL
11:10:12.324 [JavaFX Application Thread] INFO  FXGL                 - FXGL-0.5.4 on DESKTOP
11:10:12.325 [JavaFX Application Thread] INFO  FXGL                 - Source code and latest versions at: https://github.com/AlmasB/FXGL
11:10:12.325 [JavaFX Application Thread] INFO  FXGL                 -              Join the FXGL chat at: https://gitter.im/AlmasB/FXGL
11:10:12.325 [JavaFX Application Thread] DEBUG FXGL                 - FXGL started
11:10:12.325 [JavaFX Application Thread] DEBUG FXGL                 - Initializing FXGL
11:10:12.374 [JavaFX Application Thread] DEBUG AssetLoader          - Loading from disk: /assets/ui/cursors/fxgl_default.png
11:10:12.460 [JavaFX Application Thread] DEBUG AssetLoader          - Loading from disk: /assets/ui/fonts/VarelaRound-Regular.ttf
11:10:12.668 [JavaFX Application Thread] DEBUG MainWindow           - Creating a JavaFX scene
11:10:12.668 [JavaFX Application Thread] DEBUG MainWindow           - Target size > screen size
11:10:12.697 [JavaFX Application Thread] DEBUG MainWindow           - Target settings size: 2560.0 x 1440.0
11:10:12.697 [JavaFX Application Thread] DEBUG MainWindow           - Scaled scene size:    2446.0 x 1389.0
11:10:12.697 [JavaFX Application Thread] DEBUG MainWindow           - Scaled ratio: (0.95546875, 0.9645833333333333)
11:10:12.707 [JavaFX Application Thread] DEBUG AssetLoader          - Loading from disk: /assets/ui/css/fxgl_dark.css
11:10:12.710 [JavaFX Application Thread] DEBUG AssetLoader          - Loading from disk: /assets/textures/
11:10:12.711 [JavaFX Application Thread] DEBUG MainWindow           - Opening main window
11:10:12.847 [JavaFX Application Thread] DEBUG MainWindow           - Window border size: (18.0, 47.0)
11:10:12.847 [JavaFX Application Thread] DEBUG MainWindow           - Scaled size: 2446.0 x 1389.0
11:10:12.847 [JavaFX Application Thread] DEBUG MainWindow           - Scaled ratio: (0.95546875, 0.9645833333333333)
11:10:12.848 [JavaFX Application Thread] DEBUG MainWindow           - Scene size: 2446.0 x 1389.0
11:10:12.848 [JavaFX Application Thread] DEBUG MainWindow           - Stage size: 2464.0 x 1436.0
11:10:12.879 [ForkJoinPool.commonPool-worker-9] DEBUG FS                   - Loaded DesktopFSService
11:10:12.880 [ForkJoinPool.commonPool-worker-9] DEBUG FXGL                 - Loading FXGL system data
11:10:12.889 [ForkJoinPool.commonPool-worker-9] DEBUG DesktopFSService     - Reading from: system\fxgl.bundle
11:10:12.894 [ForkJoinPool.commonPool-worker-9] DEBUG Bundle               - Logging bundle: FXGL
11:10:12.895 [ForkJoinPool.commonPool-worker-9] DEBUG Bundle               - FXGL.offline.timer.version.check=2022-02-03T14:01:23.890
11:10:12.895 [ForkJoinPool.commonPool-worker-9] DEBUG FXGL                 - Initializing state machine and application states
11:10:12.897 [ForkJoinPool.commonPool-worker-9] DEBUG AssetLoader          - Loading from disk: /assets/ui/cursors/fxgl_default.png
11:10:12.897 [ForkJoinPool.commonPool-worker-2] DEBUG UpdaterTask          - Checking for updates
11:10:12.900 [ForkJoinPool.commonPool-worker-9] DEBUG AssetLoader          - Loading from disk: /assets/ui/cursors/fxgl_default.png
11:10:12.905 [ForkJoinPool.commonPool-worker-9] DEBUG AssetLoader          - Loading from cache: /assets/ui/fonts/VarelaRound-Regular.ttf
11:10:12.907 [ForkJoinPool.commonPool-worker-9] DEBUG AssetLoader          - Loading from disk: /assets/ui/cursors/fxgl_default.png
11:10:12.909 [ForkJoinPool.commonPool-worker-9] DEBUG GameScene            - Game scene initialized: 2560x1440
11:10:12.917 [ForkJoinPool.commonPool-worker-9] DEBUG GameWorld            - Game world initialized
11:10:12.966 [ForkJoinPool.commonPool-worker-9] DEBUG PhysicsWorld         - Physics world initialized: appHeight=1440, physics.ppm=50.0
11:10:12.980 [ForkJoinPool.commonPool-worker-9] DEBUG Input                - Registered new binding: Pause - Esc
11:10:13.015 [JavaFX Application Thread] DEBUG FXGL                 - Running preInit()
11:10:13.016 [JavaFX Application Thread] DEBUG Input                - Registered new binding: Screenshot - P
11:10:13.016 [JavaFX Application Thread] DEBUG Input                - Registered new binding: Dev Options - CTRL+0
11:10:13.017 [JavaFX Application Thread] DEBUG Input                - Registered new binding: System info dump - CTRL+9
11:10:13.017 [JavaFX Application Thread] DEBUG Input                - Registered new binding: Restart - CTRL+R
11:10:13.017 [JavaFX Application Thread] INFO  FXGL                 - FXGL initialization took: 0.692 sec
11:10:13.018 [JavaFX Application Thread] DEBUG LoopRunner           - Starting loop
11:10:13.019 [JavaFX Application Thread] DEBUG StartupState         - STARTUP
11:10:13.019 [JavaFX Application Thread] DEBUG GameApplication      - Starting new game
11:10:13.019 [JavaFX Application Thread] DEBUG Input                - Clearing active input actions
11:10:13.020 [JavaFX Application Thread] DEBUG AssetLoader          - Loading from disk: /assets/ui/css/fxgl_dark.css
11:10:13.024 [JavaFX Application Thread] DEBUG AppStateMachine      - StartupState -> LoadingState
11:10:13.028 [FXGL Background Thread 1 ] DEBUG InitAppTask          - Clearing previous game
11:10:13.028 [FXGL Background Thread 1 ] DEBUG GameWorld            - Clearing game world
11:10:13.028 [FXGL Background Thread 1 ] DEBUG PhysicsWorld         - Clearing physics world
11:10:13.029 [FXGL Background Thread 1 ] DEBUG GameScene            - Clearing game scene
11:10:13.029 [FXGL Background Thread 1 ] DEBUG InitAppTask          - Initializing Game
11:10:13.036 [FXGL Background Thread 1 ] DEBUG InitAppTask          - Initializing Physics
11:10:13.036 [FXGL Background Thread 1 ] DEBUG InitAppTask          - Initializing UI
11:10:13.036 [FXGL Background Thread 1 ] DEBUG InitAppTask          - Initialization Complete
11:10:13.036 [FXGL Background Thread 1 ] INFO  InitAppTask          - Game initialization took: 0.008 sec
11:10:13.064 [JavaFX Application Thread] DEBUG Input                - Clearing active input actions
11:10:13.065 [JavaFX Application Thread] DEBUG AssetLoader          - Loading from disk: /assets/ui/css/fxgl_dark.css
11:10:13.068 [JavaFX Application Thread] DEBUG AppStateMachine      - LoadingState -> PlayState
11:10:13.225 [ForkJoinPool.commonPool-worker-2] WARN  UpdaterTask          - Failed to find updates: java.net.UnknownHostException: raw.githubusercontent.com
11:10:17.265 [JavaFX Application Thread] DEBUG FXGL                 - Exiting FXGL
11:10:17.265 [JavaFX Application Thread] DEBUG FXGL                 - Shutting down background threads
11:10:17.266 [JavaFX Application Thread] DEBUG FXGL                 - Saving FXGL system data
11:10:17.267 [JavaFX Application Thread] DEBUG DesktopFSService     - Writing to: system\fxgl.bundle
11:10:17.270 [JavaFX Application Thread] DEBUG FXGL                 - Closing logger and exiting JavaFX
