23:41:13.162 [JavaFX Application Thread] DEBUG GameApplication      - Logger initialized
23:41:13.170 [JavaFX Application Thread] DEBUG GameApplication      - Logging settings
Title: DungeonMaster
Version: 0.0
Width: 2560
Height: 1440
Fullscreen: false
Intro: false
Menus: false
Profiling: false
Single step:false
App Mode: DEVELOPER
Menu Key: ESCAPE
Stage Style: DECORATED
Scene Factory: class com.almasb.fxgl.scene.SceneFactory
Dialog Factory: class com.almasb.fxgl.ui.FXGLDialogFactory
UI Factory: class com.almasb.fxgl.ui.FXGLUIFactory
Notification Service: class com.almasb.fxgl.gameplay.notification.XboxNotificationView
Exception Handler: class com.almasb.fxgl.app.FXGLExceptionHandler
23:41:13.170 [JavaFX Application Thread] DEBUG GameApplication      - Starting FXGL
23:41:13.176 [JavaFX Application Thread] INFO  FXGL                 - FXGL-0.5.4 on DESKTOP
23:41:13.176 [JavaFX Application Thread] INFO  FXGL                 - Source code and latest versions at: https://github.com/AlmasB/FXGL
23:41:13.176 [JavaFX Application Thread] INFO  FXGL                 -              Join the FXGL chat at: https://gitter.im/AlmasB/FXGL
23:41:13.177 [JavaFX Application Thread] DEBUG FXGL                 - FXGL started
23:41:13.177 [JavaFX Application Thread] DEBUG FXGL                 - Initializing FXGL
23:41:13.212 [JavaFX Application Thread] DEBUG AssetLoader          - Loading from disk: /assets/ui/cursors/fxgl_default.png
23:41:13.249 [JavaFX Application Thread] DEBUG AssetLoader          - Loading from disk: /assets/ui/fonts/VarelaRound-Regular.ttf
23:41:13.420 [JavaFX Application Thread] DEBUG MainWindow           - Creating a JavaFX scene
23:41:13.420 [JavaFX Application Thread] DEBUG MainWindow           - Target size > screen size
23:41:13.439 [JavaFX Application Thread] DEBUG MainWindow           - Target settings size: 2560.0 x 1440.0
23:41:13.440 [JavaFX Application Thread] DEBUG MainWindow           - Scaled scene size:    1367.0 x 783.0
23:41:13.440 [JavaFX Application Thread] DEBUG MainWindow           - Scaled ratio: (0.533984375, 0.54375)
23:41:13.447 [JavaFX Application Thread] DEBUG AssetLoader          - Loading from disk: /assets/ui/css/fxgl_dark.css
23:41:13.450 [JavaFX Application Thread] DEBUG AssetLoader          - Loading from disk: /assets/textures/
23:41:13.451 [JavaFX Application Thread] DEBUG MainWindow           - Opening main window
23:41:13.557 [JavaFX Application Thread] DEBUG MainWindow           - Window border size: (14.142822265625, 37.0)
23:41:13.557 [JavaFX Application Thread] DEBUG MainWindow           - Scaled size: 1367.0 x 783.0
23:41:13.557 [JavaFX Application Thread] DEBUG MainWindow           - Scaled ratio: (0.533984375, 0.54375)
23:41:13.557 [JavaFX Application Thread] DEBUG MainWindow           - Scene size: 1367.0 x 783.0
23:41:13.557 [JavaFX Application Thread] DEBUG MainWindow           - Stage size: 1381.142822265625 x 820.0
23:41:13.585 [ForkJoinPool.commonPool-worker-9] DEBUG FS                   - Loaded DesktopFSService
23:41:13.586 [ForkJoinPool.commonPool-worker-9] DEBUG FXGL                 - Loading FXGL system data
23:41:13.592 [ForkJoinPool.commonPool-worker-9] DEBUG DesktopFSService     - Reading from: system\fxgl.bundle
23:41:13.601 [ForkJoinPool.commonPool-worker-9] DEBUG Bundle               - Logging bundle: FXGL
23:41:13.602 [ForkJoinPool.commonPool-worker-9] DEBUG Bundle               - FXGL.offline.timer.version.check=2022-08-10T13:08:08.313
23:41:13.602 [ForkJoinPool.commonPool-worker-9] DEBUG FXGL                 - Initializing state machine and application states
23:41:13.603 [ForkJoinPool.commonPool-worker-2] DEBUG UpdaterTask          - Checking for updates
23:41:13.604 [ForkJoinPool.commonPool-worker-9] DEBUG AssetLoader          - Loading from disk: /assets/ui/cursors/fxgl_default.png
23:41:13.607 [ForkJoinPool.commonPool-worker-9] DEBUG AssetLoader          - Loading from disk: /assets/ui/cursors/fxgl_default.png
23:41:13.614 [ForkJoinPool.commonPool-worker-9] DEBUG AssetLoader          - Loading from cache: /assets/ui/fonts/VarelaRound-Regular.ttf
23:41:13.615 [ForkJoinPool.commonPool-worker-9] DEBUG AssetLoader          - Loading from disk: /assets/ui/cursors/fxgl_default.png
23:41:13.618 [ForkJoinPool.commonPool-worker-9] DEBUG GameScene            - Game scene initialized: 2560x1440
23:41:13.621 [ForkJoinPool.commonPool-worker-9] DEBUG GameWorld            - Game world initialized
23:41:13.692 [ForkJoinPool.commonPool-worker-9] DEBUG PhysicsWorld         - Physics world initialized: appHeight=1440, physics.ppm=50.0
23:41:13.705 [ForkJoinPool.commonPool-worker-9] DEBUG Input                - Registered new binding: Pause - Esc
23:41:13.731 [JavaFX Application Thread] DEBUG FXGL                 - Running preInit()
23:41:13.732 [JavaFX Application Thread] DEBUG Input                - Registered new binding: Screenshot - P
23:41:13.732 [JavaFX Application Thread] DEBUG Input                - Registered new binding: Dev Options - CTRL+0
23:41:13.732 [JavaFX Application Thread] DEBUG Input                - Registered new binding: System info dump - CTRL+9
23:41:13.733 [JavaFX Application Thread] DEBUG Input                - Registered new binding: Restart - CTRL+R
23:41:13.733 [JavaFX Application Thread] INFO  FXGL                 - FXGL initialization took: 0.556 sec
23:41:13.733 [JavaFX Application Thread] DEBUG LoopRunner           - Starting loop
23:41:13.735 [JavaFX Application Thread] DEBUG StartupState         - STARTUP
23:41:13.735 [JavaFX Application Thread] DEBUG GameApplication      - Starting new game
23:41:13.735 [JavaFX Application Thread] DEBUG Input                - Clearing active input actions
23:41:13.736 [JavaFX Application Thread] DEBUG AssetLoader          - Loading from disk: /assets/ui/css/fxgl_dark.css
23:41:13.740 [JavaFX Application Thread] DEBUG AppStateMachine      - StartupState -> LoadingState
23:41:13.743 [FXGL Background Thread 1 ] DEBUG InitAppTask          - Clearing previous game
23:41:13.743 [FXGL Background Thread 1 ] DEBUG GameWorld            - Clearing game world
23:41:13.744 [FXGL Background Thread 1 ] DEBUG PhysicsWorld         - Clearing physics world
23:41:13.744 [FXGL Background Thread 1 ] DEBUG GameScene            - Clearing game scene
23:41:13.745 [FXGL Background Thread 1 ] DEBUG InitAppTask          - Initializing Game
23:41:13.751 [FXGL Background Thread 1 ] DEBUG InitAppTask          - Initializing Physics
23:41:13.751 [FXGL Background Thread 1 ] DEBUG InitAppTask          - Initializing UI
23:41:13.751 [FXGL Background Thread 1 ] DEBUG InitAppTask          - Initialization Complete
23:41:13.751 [FXGL Background Thread 1 ] INFO  InitAppTask          - Game initialization took: 0.008 sec
23:41:13.772 [JavaFX Application Thread] DEBUG Input                - Clearing active input actions
23:41:13.772 [JavaFX Application Thread] DEBUG AssetLoader          - Loading from disk: /assets/ui/css/fxgl_dark.css
23:41:13.775 [JavaFX Application Thread] DEBUG AppStateMachine      - LoadingState -> PlayState
23:41:13.930 [ForkJoinPool.commonPool-worker-2] WARN  UpdaterTask          - Failed to find updates: java.net.UnknownHostException: raw.githubusercontent.com
23:41:18.033 [JavaFX Application Thread] DEBUG FXGL                 - Exiting FXGL
23:41:18.033 [JavaFX Application Thread] DEBUG FXGL                 - Shutting down background threads
23:41:18.033 [JavaFX Application Thread] DEBUG FXGL                 - Saving FXGL system data
23:41:18.035 [JavaFX Application Thread] DEBUG DesktopFSService     - Writing to: system\fxgl.bundle
23:41:18.037 [JavaFX Application Thread] DEBUG FXGL                 - Closing logger and exiting JavaFX
