11:17:31.118 [JavaFX Application Thread] DEBUG GameApplication      - Logger initialized
11:17:31.125 [JavaFX Application Thread] DEBUG GameApplication      - Logging settings
Title: DungeonMaster
Version: 0.0
Width: 2560
Height: 1440
Fullscreen: false
Intro: false
Menus: false
Profiling: false
Single step:false
App Mode: DEVELOPER
Menu Key: ESCAPE
Stage Style: DECORATED
Scene Factory: class com.almasb.fxgl.scene.SceneFactory
Dialog Factory: class com.almasb.fxgl.ui.FXGLDialogFactory
UI Factory: class com.almasb.fxgl.ui.FXGLUIFactory
Notification Service: class com.almasb.fxgl.gameplay.notification.XboxNotificationView
Exception Handler: class com.almasb.fxgl.app.FXGLExceptionHandler
11:17:31.125 [JavaFX Application Thread] DEBUG GameApplication      - Starting FXGL
11:17:31.130 [JavaFX Application Thread] INFO  FXGL                 - FXGL-0.5.4 on DESKTOP
11:17:31.130 [JavaFX Application Thread] INFO  FXGL                 - Source code and latest versions at: https://github.com/AlmasB/FXGL
11:17:31.130 [JavaFX Application Thread] INFO  FXGL                 -              Join the FXGL chat at: https://gitter.im/AlmasB/FXGL
11:17:31.131 [JavaFX Application Thread] DEBUG FXGL                 - FXGL started
11:17:31.131 [JavaFX Application Thread] DEBUG FXGL                 - Initializing FXGL
11:17:31.171 [JavaFX Application Thread] DEBUG AssetLoader          - Loading from disk: /assets/ui/cursors/fxgl_default.png
11:17:31.249 [JavaFX Application Thread] DEBUG AssetLoader          - Loading from disk: /assets/ui/fonts/VarelaRound-Regular.ttf
11:17:31.472 [JavaFX Application Thread] DEBUG MainWindow           - Creating a JavaFX scene
11:17:31.472 [JavaFX Application Thread] DEBUG MainWindow           - Target size > screen size
11:17:31.500 [JavaFX Application Thread] DEBUG MainWindow           - Target settings size: 2560.0 x 1440.0
11:17:31.501 [JavaFX Application Thread] DEBUG MainWindow           - Scaled scene size:    2446.0 x 1389.0
11:17:31.501 [JavaFX Application Thread] DEBUG MainWindow           - Scaled ratio: (0.95546875, 0.9645833333333333)
11:17:31.509 [JavaFX Application Thread] DEBUG AssetLoader          - Loading from disk: /assets/ui/css/fxgl_dark.css
11:17:31.513 [JavaFX Application Thread] DEBUG AssetLoader          - Loading from disk: /assets/textures/testfile/Main_Ico.gif
11:17:31.513 [JavaFX Application Thread] FATAL AssetLoader          - Loading failed for asset: testfile/Main_Ico.gif. Cause: Asset "/assets/textures/testfile/Main_Ico.gif" was not found!
11:17:31.513 [JavaFX Application Thread] FATAL FXGL                 - Uncaught Exception:

Fatal exception occurred: java.lang.IllegalArgumentException : Failed to load asset: testfile/Main_Ico.gif. Cause: Asset "/assets/textures/testfile/Main_Ico.gif" was not found!
E: com.almasb.fxgl.asset.AssetLoader.loadFailed(AssetLoader.kt:737)
E: com.almasb.fxgl.asset.AssetLoader.loadImage(AssetLoader.kt:168)
E: com.almasb.fxgl.app.DSLKt.image(DSL.kt:80)
E: com.almasb.fxgl.app.MainWindow.initStage(MainWindow.kt:143)
E: com.almasb.fxgl.app.MainWindow.<init>(MainWindow.kt:64)
E: com.almasb.fxgl.app.FXGL.initLoopStartSequence(FXGL.kt:113)
E: com.almasb.fxgl.app.FXGL.access$initLoopStartSequence(FXGL.kt:54)
E: com.almasb.fxgl.app.FXGL$Companion.startLoop(FXGL.kt:393)
E: com.almasb.fxgl.app.FXGL.startLoop(FXGL.kt)
E: com.almasb.fxgl.app.GameApplication.startFXGL(GameApplication.java:109)
E: com.almasb.fxgl.app.GameApplication.start(GameApplication.java:80)
E: com.sun.javafx.application.LauncherImpl.lambda$launchApplication1$8(LauncherImpl.java:863)
E: com.sun.javafx.application.PlatformImpl.lambda$runAndWait$7(PlatformImpl.java:326)
E: com.sun.javafx.application.PlatformImpl.lambda$null$5(PlatformImpl.java:295)
E: java.security.AccessController.doPrivileged(Native Method)
E: com.sun.javafx.application.PlatformImpl.lambda$runLater$6(PlatformImpl.java:294)
E: com.sun.glass.ui.InvokeLaterDispatcher$Future.run(InvokeLaterDispatcher.java:95)
E: com.sun.glass.ui.win.WinApplication._runLoop(Native Method)
E: com.sun.glass.ui.win.WinApplication.lambda$null$4(WinApplication.java:185)
E: java.lang.Thread.run(Thread.java:748)

11:17:31.513 [JavaFX Application Thread] FATAL FXGL                 - Application will now exit
11:17:31.514 [JavaFX Application Thread] DEBUG LoopRunner           - Stopping loop
